<?xml version="1.0" encoding="UTF-8"?>
<!-- Generated by org.testng.reporters.JUnitReportReporter -->
<testsuite hostname="LAPTOP-LT7AEDLA" failures="0" tests="2" name="rahushettyacademy.com.maven_selenium_java.AppiumTest" time="0.007" errors="0" timestamp="2021-07-03T14:41:00 IST" skipped="0">
  <testcase classname="rahushettyacademy.com.maven_selenium_java.AppiumTest" name="nativeappAndroid" time="0.000"/>
  <system-out/>
  <testcase classname="rahushettyacademy.com.maven_selenium_java.AppiumTest" name="Iosapps" time="0.007"/>
  <system-out/>
</testsuite> <!-- rahushettyacademy.com.maven_selenium_java.AppiumTest -->
