<?xml version="1.0" encoding="UTF-8"?>
<!-- Generated by org.testng.reporters.JUnitReportReporter -->
<testsuite hostname="LAPTOP-LT7AEDLA" failures="0" tests="2" name="rahushettyacademy.com.maven_selenium_java.SeleniumTest" time="0.000" errors="0" timestamp="2021-07-03T14:41:00 IST" skipped="0">
  <testcase classname="rahushettyacademy.com.maven_selenium_java.SeleniumTest" name="Browserautomation" time="0.000"/>
  <system-out/>
  <testcase classname="rahushettyacademy.com.maven_selenium_java.SeleniumTest" name="ElementsUi" time="0.000"/>
  <system-out/>
</testsuite> <!-- rahushettyacademy.com.maven_selenium_java.SeleniumTest -->
