<?xml version="1.0" encoding="UTF-8"?>
<!-- Generated by org.testng.reporters.JUnitReportReporter -->
<testsuite hostname="LAPTOP-LT7AEDLA" failures="0" tests="2" name="rahushettyacademy.com.maven_selenium_java.RestApiTest" time="0.002" errors="0" timestamp="2021-07-03T14:40:00 IST" skipped="0">
  <testcase classname="rahushettyacademy.com.maven_selenium_java.RestApiTest" name="deletetwitter" time="0.001"/>
  <system-out/>
  <testcase classname="rahushettyacademy.com.maven_selenium_java.RestApiTest" name="postjira" time="0.001"/>
  <system-out/>
</testsuite> <!-- rahushettyacademy.com.maven_selenium_java.RestApiTest -->
